<?xml version="1.0" encoding="UTF-8"?>
<!-- Generated by org.testng.reporters.JUnitReportReporter -->
<testsuite skipped="0" hostname="DESKTOP-P24M8Q1" name="Runner.Runner" tests="1" failures="0" timestamp="2020-07-21T17:52:04 IST" time="179.269" errors="0">
  <testcase name="runScenario" time="179.269" classname="Runner.Runner"/>
  <system-out/>
</testsuite> <!-- Runner.Runner -->
